[
  {
    "line": 1,
    "elements": [
      {
        "line": 4,
        "name": "User is not allowed to login with invalid credentials",
        "description": "",
        "id": "login-page-scenarios;user-is-not-allowed-to-login-with-invalid-credentials",
        "type": "scenario",
        "keyword": "Scenario",
        "steps": [
          {
            "result": {
              "error_message": "net.thucydides.core.webdriver.UnsupportedDriverException: Could not instantiate class io.appium.java_client.AppiumDriver\r\n\tat net.thucydides.core.webdriver.WebDriverFacade.newDriverInstance(WebDriverFacade.java:153)\r\n\tat net.thucydides.core.webdriver.WebDriverFacade.newProxyDriver(WebDriverFacade.java:140)\r\n\tat net.thucydides.core.webdriver.WebDriverFacade.getProxiedDriver(WebDriverFacade.java:110)\r\n\tat net.thucydides.core.webdriver.WebDriverFacade.getCurrentImplicitTimeout(WebDriverFacade.java:288)\r\n\tat net.thucydides.core.annotations.locators.SmartAjaxElementLocator.getTimeOutInSeconds(SmartAjaxElementLocator.java:179)\r\n\tat net.thucydides.core.annotations.locators.SmartAjaxElementLocator.ajaxFindElement(SmartAjaxElementLocator.java:164)\r\n\tat net.thucydides.core.annotations.locators.SmartAjaxElementLocator.findElement(SmartAjaxElementLocator.java:125)\r\n\tat org.openqa.selenium.support.pagefactory.internal.LocatingElementHandler.invoke(LocatingElementHandler.java:38)\r\n\tat com.sun.proxy.$Proxy28.getTagName(Unknown Source)\r\n\tat net.serenitybdd.core.pages.WebElementFacadeImpl.getTagName(WebElementFacadeImpl.java:1107)\r\n\tat net.serenitybdd.core.pages.WebElementExpectations.isAFormElement(WebElementExpectations.java:162)\r\n\tat net.serenitybdd.core.pages.WebElementExpectations.isDisabledField(WebElementExpectations.java:158)\r\n\tat net.serenitybdd.core.pages.WebElementExpectations.access$000(WebElementExpectations.java:10)\r\n\tat net.serenitybdd.core.pages.WebElementExpectations$3.apply(WebElementExpectations.java:64)\r\n\tat net.serenitybdd.core.pages.WebElementExpectations$3.apply(WebElementExpectations.java:55)\r\n\tat org.openqa.selenium.support.ui.FluentWait.until(FluentWait.java:248)\r\n\tat net.serenitybdd.core.pages.WebElementFacadeImpl.waitUntilEnabled(WebElementFacadeImpl.java:960)\r\n\tat net.serenitybdd.core.pages.WebElementFacadeImpl.waitUntilElementAvailable(WebElementFacadeImpl.java:802)\r\n\tat net.serenitybdd.core.pages.WebElementFacadeImpl.click(WebElementFacadeImpl.java:1039)\r\n\tat integration.pages.WordPressLoginPage.gotoWPLoginPage(WordPressLoginPage.java:51)\r\n\tat integration.serenitySteps.WordPressLoginSteps.loginPageInvalidDataInput(WordPressLoginSteps.java:15)\r\n\tat integration.serenitySteps.WordPressLoginSteps$$EnhancerByCGLIB$$ff62875f.CGLIB$loginPageInvalidDataInput$2(\u003cgenerated\u003e)\r\n\tat integration.serenitySteps.WordPressLoginSteps$$EnhancerByCGLIB$$ff62875f$$FastClassByCGLIB$$39a91fc1.invoke(\u003cgenerated\u003e)\r\n\tat net.sf.cglib.proxy.MethodProxy.invokeSuper(MethodProxy.java:228)\r\n\tat net.thucydides.core.steps.StepInterceptor.invokeMethod(StepInterceptor.java:449)\r\n\tat net.thucydides.core.steps.StepInterceptor.executeTestStepMethod(StepInterceptor.java:434)\r\n\tat net.thucydides.core.steps.StepInterceptor.runTestStep(StepInterceptor.java:409)\r\n\tat net.thucydides.core.steps.StepInterceptor.runOrSkipMethod(StepInterceptor.java:150)\r\n\tat net.thucydides.core.steps.StepInterceptor.testStepResult(StepInterceptor.java:137)\r\n\tat net.thucydides.core.steps.StepInterceptor.intercept(StepInterceptor.java:68)\r\n\tat integration.serenitySteps.WordPressLoginSteps$$EnhancerByCGLIB$$ff62875f.loginPageInvalidDataInput(\u003cgenerated\u003e)\r\n\tat integration.cucumer.WordPressLoginScenarioSteps.gotoLoginPage(WordPressLoginScenarioSteps.java:17)\r\n\tat âœ½.User is on login page(src/test/java/integration/resources/features/invalid_login.feature:5)\r\nCaused by: net.thucydides.core.webdriver.UnsupportedDriverException: Could not instantiate new WebDriver instance of type class io.appium.java_client.AppiumDriver (An unknown server-side error occurred while processing the command. Original error: Cannot start the \u0027org.wordpress.android\u0027 application. Visit https://github.com/appium/appium/blob/master/docs/en/writing-running-appium/android/activity-startup.md for troubleshooting. Original error: \u0027org.wordpress.android.ui.WPLaunchActivity\u0027 or \u0027org.wordpress.android.org.wordpress.android.ui.WPLaunchActivity\u0027 never started. Visit https://github.com/appium/appium/blob/master/docs/en/writing-running-appium/android/activity-startup.md for troubleshooting (WARNING: The server did not provide any stacktrace information)\nCommand duration or timeout: 31.79 seconds\nBuild info: version: \u00273.13.0\u0027, revision: \u00272f0d292\u0027, time: \u00272018-06-25T15:24:21.231Z\u0027\nSystem info: host: \u0027DESKTOP-53O5A0M\u0027, ip: \u0027192.168.1.88\u0027, os.name: \u0027Windows 10\u0027, os.arch: \u0027amd64\u0027, os.version: \u002710.0\u0027, java.version: \u002710.0.2\u0027\nDriver info: driver.version: AndroidDriver\r\n\tat net.thucydides.core.webdriver.WebDriverFactory.newWebdriverInstance(WebDriverFactory.java:137)\r\n\tat net.thucydides.core.webdriver.WebDriverFacade.newDriverInstance(WebDriverFacade.java:149)\r\n\tat net.thucydides.core.webdriver.WebDriverFacade.newProxyDriver(WebDriverFacade.java:140)\r\n\tat net.thucydides.core.webdriver.WebDriverFacade.getProxiedDriver(WebDriverFacade.java:110)\r\n\tat net.thucydides.core.webdriver.WebDriverFacade.getCurrentImplicitTimeout(WebDriverFacade.java:288)\r\n\tat net.thucydides.core.annotations.locators.SmartAjaxElementLocator.getTimeOutInSeconds(SmartAjaxElementLocator.java:179)\r\n\tat net.thucydides.core.annotations.locators.SmartAjaxElementLocator.ajaxFindElement(SmartAjaxElementLocator.java:164)\r\n\tat net.thucydides.core.annotations.locators.SmartAjaxElementLocator.findElement(SmartAjaxElementLocator.java:125)\r\n\tat org.openqa.selenium.support.pagefactory.internal.LocatingElementHandler.invoke(LocatingElementHandler.java:38)\r\n\tat com.sun.proxy.$Proxy28.getTagName(Unknown Source)\r\n\tat net.serenitybdd.core.pages.WebElementFacadeImpl.getTagName(WebElementFacadeImpl.java:1107)\r\n\tat net.serenitybdd.core.pages.WebElementExpectations.isAFormElement(WebElementExpectations.java:162)\r\n\tat net.serenitybdd.core.pages.WebElementExpectations.isDisabledField(WebElementExpectations.java:158)\r\n\tat net.serenitybdd.core.pages.WebElementExpectations.access$000(WebElementExpectations.java:10)\r\n\tat net.serenitybdd.core.pages.WebElementExpectations$3.apply(WebElementExpectations.java:64)\r\n\tat net.serenitybdd.core.pages.WebElementExpectations$3.apply(WebElementExpectations.java:55)\r\n\tat org.openqa.selenium.support.ui.FluentWait.until(FluentWait.java:248)\r\n\tat net.serenitybdd.core.pages.WebElementFacadeImpl.waitUntilEnabled(WebElementFacadeImpl.java:960)\r\n\tat net.serenitybdd.core.pages.WebElementFacadeImpl.waitUntilElementAvailable(WebElementFacadeImpl.java:802)\r\n\tat net.serenitybdd.core.pages.WebElementFacadeImpl.click(WebElementFacadeImpl.java:1039)\r\n\tat integration.pages.WordPressLoginPage.gotoWPLoginPage(WordPressLoginPage.java:51)\r\n\tat integration.serenitySteps.WordPressLoginSteps.loginPageInvalidDataInput(WordPressLoginSteps.java:15)\r\n\tat integration.serenitySteps.WordPressLoginSteps$$EnhancerByCGLIB$$ff62875f.CGLIB$loginPageInvalidDataInput$2(\u003cgenerated\u003e)\r\n\tat integration.serenitySteps.WordPressLoginSteps$$EnhancerByCGLIB$$ff62875f$$FastClassByCGLIB$$39a91fc1.invoke(\u003cgenerated\u003e)\r\n\tat net.sf.cglib.proxy.MethodProxy.invokeSuper(MethodProxy.java:228)\r\n\tat net.thucydides.core.steps.StepInterceptor.invokeMethod(StepInterceptor.java:449)\r\n\tat net.thucydides.core.steps.StepInterceptor.executeTestStepMethod(StepInterceptor.java:434)\r\n\tat net.thucydides.core.steps.StepInterceptor.runTestStep(StepInterceptor.java:409)\r\n\tat net.thucydides.core.steps.StepInterceptor.runOrSkipMethod(StepInterceptor.java:150)\r\n\tat net.thucydides.core.steps.StepInterceptor.testStepResult(StepInterceptor.java:137)\r\n\tat net.thucydides.core.steps.StepInterceptor.intercept(StepInterceptor.java:68)\r\n\tat integration.serenitySteps.WordPressLoginSteps$$EnhancerByCGLIB$$ff62875f.loginPageInvalidDataInput(\u003cgenerated\u003e)\r\n\tat integration.cucumer.WordPressLoginScenarioSteps.gotoLoginPage(WordPressLoginScenarioSteps.java:17)\r\n\tat java.base/jdk.internal.reflect.NativeMethodAccessorImpl.invoke0(Native Method)\r\n\tat java.base/jdk.internal.reflect.NativeMethodAccessorImpl.invoke(NativeMethodAccessorImpl.java:62)\r\n\tat java.base/jdk.internal.reflect.DelegatingMethodAccessorImpl.invoke(DelegatingMethodAccessorImpl.java:43)\r\n\tat java.base/java.lang.reflect.Method.invoke(Method.java:564)\r\n\tat cucumber.runtime.Utils$1.call(Utils.java:32)\r\n\tat cucumber.runtime.Timeout.timeout(Timeout.java:16)\r\n\tat cucumber.runtime.Utils.invoke(Utils.java:26)\r\n\tat cucumber.runtime.java.JavaStepDefinition.execute(JavaStepDefinition.java:37)\r\n\tat cucumber.runtime.StepDefinitionMatch.runStep(StepDefinitionMatch.java:40)\r\n\tat cucumber.api.TestStep.executeStep(TestStep.java:102)\r\n\tat cucumber.api.TestStep.run(TestStep.java:83)\r\n\tat cucumber.api.TestCase.run(TestCase.java:58)\r\n\tat cucumber.runner.Runner.runPickle(Runner.java:80)\r\n\tat cucumber.runtime.junit.PickleRunners$NoStepDescriptions.run(PickleRunners.java:140)\r\n\tat cucumber.runtime.junit.FeatureRunner.runChild(FeatureRunner.java:68)\r\n\tat cucumber.runtime.junit.FeatureRunner.runChild(FeatureRunner.java:23)\r\n\tat org.junit.runners.ParentRunner$3.run(ParentRunner.java:290)\r\n\tat org.junit.runners.ParentRunner$1.schedule(ParentRunner.java:71)\r\n\tat org.junit.runners.ParentRunner.runChildren(ParentRunner.java:288)\r\n\tat org.junit.runners.ParentRunner.access$000(ParentRunner.java:58)\r\n\tat org.junit.runners.ParentRunner$2.evaluate(ParentRunner.java:268)\r\n\tat org.junit.runners.ParentRunner.run(ParentRunner.java:363)\r\n\tat cucumber.runtime.junit.FeatureRunner.run(FeatureRunner.java:73)\r\n\tat cucumber.api.junit.Cucumber.runChild(Cucumber.java:118)\r\n\tat cucumber.api.junit.Cucumber.runChild(Cucumber.java:56)\r\n\tat org.junit.runners.ParentRunner$3.run(ParentRunner.java:290)\r\n\tat org.junit.runners.ParentRunner$1.schedule(ParentRunner.java:71)\r\n\tat org.junit.runners.ParentRunner.runChildren(ParentRunner.java:288)\r\n\tat org.junit.runners.ParentRunner.access$000(ParentRunner.java:58)\r\n\tat org.junit.runners.ParentRunner$2.evaluate(ParentRunner.java:268)\r\n\tat cucumber.api.junit.Cucumber$1.evaluate(Cucumber.java:127)\r\n\tat org.junit.runners.ParentRunner.run(ParentRunner.java:363)\r\n\tat org.junit.runner.JUnitCore.run(JUnitCore.java:137)\r\n\tat com.intellij.junit4.JUnit4IdeaTestRunner.startRunnerWithArgs(JUnit4IdeaTestRunner.java:68)\r\n\tat com.intellij.rt.execution.junit.IdeaTestRunner$Repeater.startRunnerWithArgs(IdeaTestRunner.java:47)\r\n\tat com.intellij.rt.execution.junit.JUnitStarter.prepareStreamsAndStart(JUnitStarter.java:242)\r\n\tat com.intellij.rt.execution.junit.JUnitStarter.main(JUnitStarter.java:70)\r\nCaused by: org.openqa.selenium.WebDriverException: An unknown server-side error occurred while processing the command. Original error: Cannot start the \u0027org.wordpress.android\u0027 application. Visit https://github.com/appium/appium/blob/master/docs/en/writing-running-appium/android/activity-startup.md for troubleshooting. Original error: \u0027org.wordpress.android.ui.WPLaunchActivity\u0027 or \u0027org.wordpress.android.org.wordpress.android.ui.WPLaunchActivity\u0027 never started. Visit https://github.com/appium/appium/blob/master/docs/en/writing-running-appium/android/activity-startup.md for troubleshooting (WARNING: The server did not provide any stacktrace information)\nCommand duration or timeout: 31.79 seconds\nBuild info: version: \u00273.13.0\u0027, revision: \u00272f0d292\u0027, time: \u00272018-06-25T15:24:21.231Z\u0027\nSystem info: host: \u0027DESKTOP-53O5A0M\u0027, ip: \u0027192.168.1.88\u0027, os.name: \u0027Windows 10\u0027, os.arch: \u0027amd64\u0027, os.version: \u002710.0\u0027, java.version: \u002710.0.2\u0027\nDriver info: driver.version: AndroidDriver\r\n\tat java.base/jdk.internal.reflect.NativeConstructorAccessorImpl.newInstance0(Native Method)\r\n\tat java.base/jdk.internal.reflect.NativeConstructorAccessorImpl.newInstance(NativeConstructorAccessorImpl.java:62)\r\n\tat java.base/jdk.internal.reflect.DelegatingConstructorAccessorImpl.newInstance(DelegatingConstructorAccessorImpl.java:45)\r\n\tat java.base/java.lang.reflect.Constructor.newInstance(Constructor.java:488)\r\n\tat org.openqa.selenium.remote.ErrorHandler.createThrowable(ErrorHandler.java:214)\r\n\tat org.openqa.selenium.remote.ErrorHandler.throwIfResponseFailed(ErrorHandler.java:166)\r\n\tat org.openqa.selenium.remote.JsonWireProtocolResponse.lambda$new$0(JsonWireProtocolResponse.java:53)\r\n\tat org.openqa.selenium.remote.JsonWireProtocolResponse.lambda$getResponseFunction$2(JsonWireProtocolResponse.java:91)\r\n\tat org.openqa.selenium.remote.ProtocolHandshake.lambda$createSession$0(ProtocolHandshake.java:123)\r\n\tat java.base/java.util.stream.ReferencePipeline$3$1.accept(ReferencePipeline.java:195)\r\n\tat java.base/java.util.Spliterators$ArraySpliterator.tryAdvance(Spliterators.java:958)\r\n\tat java.base/java.util.stream.ReferencePipeline.forEachWithCancel(ReferencePipeline.java:127)\r\n\tat java.base/java.util.stream.AbstractPipeline.copyIntoWithCancel(AbstractPipeline.java:502)\r\n\tat java.base/java.util.stream.AbstractPipeline.copyInto(AbstractPipeline.java:488)\r\n\tat java.base/java.util.stream.AbstractPipeline.wrapAndCopyInto(AbstractPipeline.java:474)\r\n\tat java.base/java.util.stream.FindOps$FindOp.evaluateSequential(FindOps.java:150)\r\n\tat java.base/java.util.stream.AbstractPipeline.evaluate(AbstractPipeline.java:234)\r\n\tat java.base/java.util.stream.ReferencePipeline.findFirst(ReferencePipeline.java:543)\r\n\tat org.openqa.selenium.remote.ProtocolHandshake.createSession(ProtocolHandshake.java:126)\r\n\tat org.openqa.selenium.remote.ProtocolHandshake.createSession(ProtocolHandshake.java:73)\r\n\tat org.openqa.selenium.remote.HttpCommandExecutor.execute(HttpCommandExecutor.java:136)\r\n\tat io.appium.java_client.remote.AppiumCommandExecutor.execute(AppiumCommandExecutor.java:129)\r\n\tat org.openqa.selenium.remote.RemoteWebDriver.execute(RemoteWebDriver.java:548)\r\n\tat io.appium.java_client.DefaultGenericMobileDriver.execute(DefaultGenericMobileDriver.java:42)\r\n\tat io.appium.java_client.AppiumDriver.execute(AppiumDriver.java:1)\r\n\tat io.appium.java_client.android.AndroidDriver.execute(AndroidDriver.java:1)\r\n\tat org.openqa.selenium.remote.RemoteWebDriver.startSession(RemoteWebDriver.java:212)\r\n\tat org.openqa.selenium.remote.RemoteWebDriver.\u003cinit\u003e(RemoteWebDriver.java:130)\r\n\tat io.appium.java_client.DefaultGenericMobileDriver.\u003cinit\u003e(DefaultGenericMobileDriver.java:38)\r\n\tat io.appium.java_client.AppiumDriver.\u003cinit\u003e(AppiumDriver.java:84)\r\n\tat io.appium.java_client.AppiumDriver.\u003cinit\u003e(AppiumDriver.java:94)\r\n\tat io.appium.java_client.android.AndroidDriver.\u003cinit\u003e(AndroidDriver.java:80)\r\n\tat net.serenitybdd.core.webdriver.driverproviders.AppiumDriverProvider.newInstance(AppiumDriverProvider.java:43)\r\n\tat net.thucydides.core.webdriver.WebDriverFactory.newWebdriverInstance(WebDriverFactory.java:127)\r\n\t... 69 more\r\n",
              "duration": 66569033579,
              "status": "failed"
            },
            "line": 5,
            "name": "User is on login page",
            "match": {
              "location": "WordPressLoginScenarioSteps.gotoLoginPage()"
            },
            "keyword": "Given "
          },
          {
            "result": {
              "status": "skipped"
            },
            "line": 6,
            "name": "Enter invalid credentials",
            "match": {
              "location": "WordPressLoginScenarioSteps.enterInvalidData()"
            },
            "keyword": "When "
          },
          {
            "result": {
              "status": "skipped"
            },
            "line": 7,
            "name": "User is shown error message",
            "match": {
              "location": "WordPressLoginScenarioSteps.checkErrorMessage()"
            },
            "keyword": "Then "
          }
        ]
      }
    ],
    "name": "Login page scenarios",
    "description": "",
    "id": "login-page-scenarios",
    "keyword": "Feature",
    "uri": "src/test/java/integration/resources/features/invalid_login.feature",
    "tags": []
  }
]